<?xml version="1.0" encoding="UTF-8"?>
<testng-results skipped="0" failed="0" total="1" passed="1">
  <reporter-output>
  </reporter-output>
  <suite name="Default suite" duration-ms="76709" started-at="2020-02-28T01:52:26Z" finished-at="2020-02-28T01:53:43Z">
    <groups>
    </groups>
    <test name="Default test" duration-ms="76709" started-at="2020-02-28T01:52:26Z" finished-at="2020-02-28T01:53:43Z">
      <class name="com.selenium.excel.keywordriven">
        <test-method status="PASS" signature="keywordprg()[pri:0, instance:com.selenium.excel.keywordriven@3aa9e816]" name="keywordprg" duration-ms="76637" started-at="2020-02-28T07:22:26Z" finished-at="2020-02-28T07:23:43Z">
          <reporter-output>
          </reporter-output>
        </test-method> <!-- keywordprg -->
      </class> <!-- com.selenium.excel.keywordriven -->
    </test> <!-- Default test -->
  </suite> <!-- Default suite -->
</testng-results>
