<?xml version="1.0" encoding="UTF-8"?>
<!-- Generated by org.testng.reporters.JUnitXMLReporter -->
<testsuite hostname="vasu-PC" name="PrimusBank" tests="4" failures="0" timestamp="18 Feb 2020 01:25:34 GMT" time="0.088" errors="0">
  <testcase name="method1" time="0.013" classname="com.selenium.testng.Annotationtest1"/>
  <testcase name="method2" time="0.003" classname="com.selenium.testng.Annotationtest1"/>
  <testcase name="method1" time="0.002" classname="com.selenium.testng.Annotationtest2"/>
  <testcase name="method2" time="0.002" classname="com.selenium.testng.Annotationtest2"/>
</testsuite> <!-- PrimusBank -->
